{"/Users/gabrielagrelli/development/rocketseat/bootcamp-11/react-native/appgobarber/src/components/Button/index.tsx": {"path":"/Users/gabrielagrelli/development/rocketseat/bootcamp-11/react-native/appgobarber/src/components/Button/index.tsx","statementMap":{"0":{"start":{"line":10,"column":38},"end":{"line":16,"column":1}},"1":{"start":{"line":11,"column":2},"end":{"line":15,"column":4}}},"fnMap":{"0":{"name":"(anonymous_0)","decl":{"start":{"line":10,"column":38},"end":{"line":10,"column":39}},"loc":{"start":{"line":10,"column":65},"end":{"line":16,"column":1}},"line":10}},"branchMap":{},"s":{"0":1,"1":1},"f":{"0":1},"b":{},"_coverageSchema":"43e27e138ebf9cfc5966b082cf9a028302ed4184","hash":"a7e4477cab1c5c4b5b5537ce5f8542a351574772"}
,"/Users/gabrielagrelli/development/rocketseat/bootcamp-11/react-native/appgobarber/src/components/Input/index.tsx": {"path":"/Users/gabrielagrelli/development/rocketseat/bootcamp-11/react-native/appgobarber/src/components/Input/index.tsx","statementMap":{"0":{"start":{"line":21,"column":66},"end":{"line":83,"column":1}},"1":{"start":{"line":25,"column":26},"end":{"line":25,"column":43}},"2":{"start":{"line":27,"column":65},"end":{"line":27,"column":79}},"3":{"start":{"line":28,"column":24},"end":{"line":28,"column":76}},"4":{"start":{"line":30,"column":36},"end":{"line":30,"column":51}},"5":{"start":{"line":31,"column":34},"end":{"line":31,"column":49}},"6":{"start":{"line":33,"column":27},"end":{"line":35,"column":8}},"7":{"start":{"line":34,"column":4},"end":{"line":34,"column":23}},"8":{"start":{"line":37,"column":26},"end":{"line":41,"column":8}},"9":{"start":{"line":38,"column":4},"end":{"line":38,"column":24}},"10":{"start":{"line":40,"column":4},"end":{"line":40,"column":47}},"11":{"start":{"line":43,"column":2},"end":{"line":47,"column":6}},"12":{"start":{"line":43,"column":34},"end":{"line":47,"column":3}},"13":{"start":{"line":45,"column":6},"end":{"line":45,"column":38}},"14":{"start":{"line":49,"column":2},"end":{"line":63,"column":33}},"15":{"start":{"line":50,"column":4},"end":{"line":62,"column":7}},"16":{"start":{"line":55,"column":8},"end":{"line":55,"column":44}},"17":{"start":{"line":56,"column":8},"end":{"line":56,"column":64}},"18":{"start":{"line":59,"column":8},"end":{"line":59,"column":41}},"19":{"start":{"line":60,"column":8},"end":{"line":60,"column":40}},"20":{"start":{"line":65,"column":2},"end":{"line":82,"column":4}},"21":{"start":{"line":77,"column":10},"end":{"line":77,"column":46}}},"fnMap":{"0":{"name":"(anonymous_0)","decl":{"start":{"line":21,"column":66},"end":{"line":21,"column":67}},"loc":{"start":{"line":24,"column":5},"end":{"line":83,"column":1}},"line":24},"1":{"name":"(anonymous_1)","decl":{"start":{"line":33,"column":39},"end":{"line":33,"column":40}},"loc":{"start":{"line":33,"column":45},"end":{"line":35,"column":3}},"line":33},"2":{"name":"(anonymous_2)","decl":{"start":{"line":37,"column":38},"end":{"line":37,"column":39}},"loc":{"start":{"line":37,"column":44},"end":{"line":41,"column":3}},"line":37},"3":{"name":"(anonymous_3)","decl":{"start":{"line":43,"column":27},"end":{"line":43,"column":28}},"loc":{"start":{"line":43,"column":34},"end":{"line":47,"column":3}},"line":43},"4":{"name":"(anonymous_4)","decl":{"start":{"line":44,"column":4},"end":{"line":44,"column":5}},"loc":{"start":{"line":44,"column":12},"end":{"line":46,"column":5}},"line":44},"5":{"name":"(anonymous_5)","decl":{"start":{"line":49,"column":12},"end":{"line":49,"column":13}},"loc":{"start":{"line":49,"column":18},"end":{"line":63,"column":3}},"line":49},"6":{"name":"(anonymous_6)","decl":{"start":{"line":54,"column":6},"end":{"line":54,"column":7}},"loc":{"start":{"line":54,"column":40},"end":{"line":57,"column":7}},"line":54},"7":{"name":"(anonymous_7)","decl":{"start":{"line":58,"column":6},"end":{"line":58,"column":7}},"loc":{"start":{"line":58,"column":19},"end":{"line":61,"column":7}},"line":58},"8":{"name":"(anonymous_8)","decl":{"start":{"line":76,"column":22},"end":{"line":76,"column":23}},"loc":{"start":{"line":76,"column":31},"end":{"line":78,"column":9}},"line":76}},"branchMap":{"0":{"loc":{"start":{"line":22,"column":16},"end":{"line":22,"column":35}},"type":"default-arg","locations":[{"start":{"line":22,"column":33},"end":{"line":22,"column":35}}],"line":22},"1":{"loc":{"start":{"line":27,"column":25},"end":{"line":27,"column":42}},"type":"default-arg","locations":[{"start":{"line":27,"column":40},"end":{"line":27,"column":42}}],"line":27},"2":{"loc":{"start":{"line":67,"column":41},"end":{"line":67,"column":86}},"type":"cond-expr","locations":[{"start":{"line":67,"column":65},"end":{"line":67,"column":74}},{"start":{"line":67,"column":77},"end":{"line":67,"column":86}}],"line":67},"3":{"loc":{"start":{"line":67,"column":41},"end":{"line":67,"column":62}},"type":"binary-expr","locations":[{"start":{"line":67,"column":41},"end":{"line":67,"column":50}},{"start":{"line":67,"column":54},"end":{"line":67,"column":62}}],"line":67}},"s":{"0":1,"1":2,"2":2,"3":2,"4":2,"5":2,"6":2,"7":0,"8":2,"9":0,"10":0,"11":2,"12":1,"13":0,"14":2,"15":2,"16":0,"17":0,"18":0,"19":0,"20":2,"21":0},"f":{"0":2,"1":0,"2":0,"3":1,"4":0,"5":2,"6":0,"7":0,"8":0},"b":{"0":[2],"1":[2],"2":[0,2],"3":[2,2]},"_coverageSchema":"43e27e138ebf9cfc5966b082cf9a028302ed4184","hash":"e8eb619cef6f2cd05e1afd55abb5e0d5f33f4722"}
,"/Users/gabrielagrelli/development/rocketseat/bootcamp-11/react-native/appgobarber/src/hooks/auth.tsx": {"path":"/Users/gabrielagrelli/development/rocketseat/bootcamp-11/react-native/appgobarber/src/hooks/auth.tsx","statementMap":{"0":{"start":{"line":30,"column":20},"end":{"line":30,"column":73}},"1":{"start":{"line":32,"column":31},"end":{"line":93,"column":1}},"2":{"start":{"line":33,"column":26},"end":{"line":33,"column":62}},"3":{"start":{"line":34,"column":32},"end":{"line":34,"column":46}},"4":{"start":{"line":36,"column":2},"end":{"line":50,"column":9}},"5":{"start":{"line":38,"column":28},"end":{"line":38,"column":94}},"6":{"start":{"line":40,"column":6},"end":{"line":44,"column":7}},"7":{"start":{"line":41,"column":8},"end":{"line":41,"column":66}},"8":{"start":{"line":43,"column":8},"end":{"line":43,"column":64}},"9":{"start":{"line":46,"column":6},"end":{"line":46,"column":24}},"10":{"start":{"line":49,"column":4},"end":{"line":49,"column":23}},"11":{"start":{"line":52,"column":17},"end":{"line":68,"column":8}},"12":{"start":{"line":53,"column":21},"end":{"line":56,"column":6}},"13":{"start":{"line":58,"column":28},"end":{"line":58,"column":41}},"14":{"start":{"line":60,"column":4},"end":{"line":63,"column":7}},"15":{"start":{"line":65,"column":4},"end":{"line":65,"column":59}},"16":{"start":{"line":67,"column":4},"end":{"line":67,"column":29}},"17":{"start":{"line":70,"column":18},"end":{"line":74,"column":8}},"18":{"start":{"line":71,"column":4},"end":{"line":71,"column":74}},"19":{"start":{"line":73,"column":4},"end":{"line":73,"column":29}},"20":{"start":{"line":76,"column":21},"end":{"line":86,"column":3}},"21":{"start":{"line":78,"column":6},"end":{"line":78,"column":73}},"22":{"start":{"line":80,"column":6},"end":{"line":83,"column":9}},"23":{"start":{"line":88,"column":2},"end":{"line":92,"column":4}},"24":{"start":{"line":96,"column":18},"end":{"line":96,"column":41}},"25":{"start":{"line":98,"column":2},"end":{"line":100,"column":3}},"26":{"start":{"line":99,"column":4},"end":{"line":99,"column":67}},"27":{"start":{"line":102,"column":2},"end":{"line":102,"column":17}}},"fnMap":{"0":{"name":"(anonymous_0)","decl":{"start":{"line":32,"column":31},"end":{"line":32,"column":32}},"loc":{"start":{"line":32,"column":49},"end":{"line":93,"column":1}},"line":32},"1":{"name":"(anonymous_1)","decl":{"start":{"line":36,"column":12},"end":{"line":36,"column":13}},"loc":{"start":{"line":36,"column":18},"end":{"line":50,"column":3}},"line":36},"2":{"name":"loadStoragedData","decl":{"start":{"line":37,"column":19},"end":{"line":37,"column":35}},"loc":{"start":{"line":37,"column":53},"end":{"line":47,"column":5}},"line":37},"3":{"name":"(anonymous_3)","decl":{"start":{"line":52,"column":29},"end":{"line":52,"column":30}},"loc":{"start":{"line":52,"column":60},"end":{"line":68,"column":3}},"line":52},"4":{"name":"(anonymous_4)","decl":{"start":{"line":70,"column":30},"end":{"line":70,"column":31}},"loc":{"start":{"line":70,"column":42},"end":{"line":74,"column":3}},"line":70},"5":{"name":"(anonymous_5)","decl":{"start":{"line":77,"column":4},"end":{"line":77,"column":5}},"loc":{"start":{"line":77,"column":26},"end":{"line":84,"column":5}},"line":77},"6":{"name":"useAuth","decl":{"start":{"line":95,"column":9},"end":{"line":95,"column":16}},"loc":{"start":{"line":95,"column":36},"end":{"line":103,"column":1}},"line":95}},"branchMap":{"0":{"loc":{"start":{"line":40,"column":6},"end":{"line":44,"column":7}},"type":"if","locations":[{"start":{"line":40,"column":6},"end":{"line":44,"column":7}},{"start":{"line":40,"column":6},"end":{"line":44,"column":7}}],"line":40},"1":{"loc":{"start":{"line":40,"column":10},"end":{"line":40,"column":29}},"type":"binary-expr","locations":[{"start":{"line":40,"column":10},"end":{"line":40,"column":18}},{"start":{"line":40,"column":22},"end":{"line":40,"column":29}}],"line":40},"2":{"loc":{"start":{"line":98,"column":2},"end":{"line":100,"column":3}},"type":"if","locations":[{"start":{"line":98,"column":2},"end":{"line":100,"column":3}},{"start":{"line":98,"column":2},"end":{"line":100,"column":3}}],"line":98}},"s":{"0":1,"1":1,"2":0,"3":0,"4":0,"5":0,"6":0,"7":0,"8":0,"9":0,"10":0,"11":0,"12":0,"13":0,"14":0,"15":0,"16":0,"17":0,"18":0,"19":0,"20":0,"21":0,"22":0,"23":0,"24":1,"25":1,"26":0,"27":1},"f":{"0":0,"1":0,"2":0,"3":0,"4":0,"5":0,"6":1},"b":{"0":[0,0],"1":[0,0],"2":[0,1]},"_coverageSchema":"43e27e138ebf9cfc5966b082cf9a028302ed4184","hash":"e364a026bb06d3da3497e565b2177acec95f4b0c"}
,"/Users/gabrielagrelli/development/rocketseat/bootcamp-11/react-native/appgobarber/src/pages/AppointmentCreated/index.tsx": {"path":"/Users/gabrielagrelli/development/rocketseat/bootcamp-11/react-native/appgobarber/src/pages/AppointmentCreated/index.tsx","statementMap":{"0":{"start":{"line":13,"column":37},"end":{"line":42,"column":1}},"1":{"start":{"line":14,"column":20},"end":{"line":14,"column":35}},"2":{"start":{"line":15,"column":21},"end":{"line":15,"column":31}},"3":{"start":{"line":17,"column":22},"end":{"line":17,"column":43}},"4":{"start":{"line":19,"column":28},"end":{"line":24,"column":13}},"5":{"start":{"line":20,"column":4},"end":{"line":23,"column":7}},"6":{"start":{"line":26,"column":24},"end":{"line":28,"column":24}},"7":{"start":{"line":27,"column":4},"end":{"line":27,"column":107}},"8":{"start":{"line":30,"column":2},"end":{"line":41,"column":4}}},"fnMap":{"0":{"name":"(anonymous_0)","decl":{"start":{"line":13,"column":37},"end":{"line":13,"column":38}},"loc":{"start":{"line":13,"column":43},"end":{"line":42,"column":1}},"line":13},"1":{"name":"(anonymous_1)","decl":{"start":{"line":19,"column":40},"end":{"line":19,"column":41}},"loc":{"start":{"line":19,"column":46},"end":{"line":24,"column":3}},"line":19},"2":{"name":"(anonymous_2)","decl":{"start":{"line":26,"column":32},"end":{"line":26,"column":33}},"loc":{"start":{"line":26,"column":38},"end":{"line":28,"column":3}},"line":26}},"branchMap":{},"s":{"0":0,"1":0,"2":0,"3":0,"4":0,"5":0,"6":0,"7":0,"8":0},"f":{"0":0,"1":0,"2":0},"b":{},"hash":"a720be1ab77db437623a939de05621d640207026"}
,"/Users/gabrielagrelli/development/rocketseat/bootcamp-11/react-native/appgobarber/src/pages/CreateAppointment/index.tsx": {"path":"/Users/gabrielagrelli/development/rocketseat/bootcamp-11/react-native/appgobarber/src/pages/CreateAppointment/index.tsx","statementMap":{"0":{"start":{"line":51,"column":36},"end":{"line":253,"column":1}},"1":{"start":{"line":52,"column":19},"end":{"line":52,"column":28}},"2":{"start":{"line":53,"column":16},"end":{"line":53,"column":26}},"3":{"start":{"line":54,"column":28},"end":{"line":54,"column":43}},"4":{"start":{"line":56,"column":22},"end":{"line":56,"column":49}},"5":{"start":{"line":58,"column":42},"end":{"line":58,"column":74}},"6":{"start":{"line":59,"column":46},"end":{"line":59,"column":61}},"7":{"start":{"line":60,"column":42},"end":{"line":60,"column":62}},"8":{"start":{"line":61,"column":42},"end":{"line":61,"column":53}},"9":{"start":{"line":62,"column":36},"end":{"line":62,"column":60}},"10":{"start":{"line":63,"column":50},"end":{"line":63,"column":82}},"11":{"start":{"line":65,"column":2},"end":{"line":69,"column":9}},"12":{"start":{"line":66,"column":4},"end":{"line":68,"column":7}},"13":{"start":{"line":67,"column":6},"end":{"line":67,"column":34}},"14":{"start":{"line":71,"column":2},"end":{"line":83,"column":39}},"15":{"start":{"line":72,"column":4},"end":{"line":82,"column":9}},"16":{"start":{"line":81,"column":8},"end":{"line":81,"column":39}},"17":{"start":{"line":85,"column":23},"end":{"line":87,"column":14}},"18":{"start":{"line":86,"column":4},"end":{"line":86,"column":13}},"19":{"start":{"line":89,"column":31},"end":{"line":91,"column":8}},"20":{"start":{"line":90,"column":4},"end":{"line":90,"column":36}},"21":{"start":{"line":93,"column":33},"end":{"line":95,"column":8}},"22":{"start":{"line":94,"column":4},"end":{"line":94,"column":39}},"23":{"start":{"line":94,"column":31},"end":{"line":94,"column":37}},"24":{"start":{"line":97,"column":28},"end":{"line":105,"column":8}},"25":{"start":{"line":98,"column":4},"end":{"line":100,"column":5}},"26":{"start":{"line":99,"column":6},"end":{"line":99,"column":31}},"27":{"start":{"line":102,"column":4},"end":{"line":104,"column":5}},"28":{"start":{"line":103,"column":6},"end":{"line":103,"column":28}},"29":{"start":{"line":107,"column":27},"end":{"line":109,"column":8}},"30":{"start":{"line":108,"column":4},"end":{"line":108,"column":26}},"31":{"start":{"line":111,"column":34},"end":{"line":130,"column":59}},"32":{"start":{"line":112,"column":4},"end":{"line":129,"column":5}},"33":{"start":{"line":113,"column":19},"end":{"line":113,"column":41}},"34":{"start":{"line":115,"column":6},"end":{"line":115,"column":34}},"35":{"start":{"line":116,"column":6},"end":{"line":116,"column":25}},"36":{"start":{"line":118,"column":6},"end":{"line":121,"column":9}},"37":{"start":{"line":123,"column":6},"end":{"line":126,"column":9}},"38":{"start":{"line":128,"column":6},"end":{"line":128,"column":115}},"39":{"start":{"line":132,"column":30},"end":{"line":142,"column":20}},"40":{"start":{"line":133,"column":4},"end":{"line":141,"column":9}},"41":{"start":{"line":134,"column":28},"end":{"line":134,"column":37}},"42":{"start":{"line":136,"column":8},"end":{"line":140,"column":10}},"43":{"start":{"line":144,"column":32},"end":{"line":154,"column":20}},"44":{"start":{"line":145,"column":4},"end":{"line":153,"column":9}},"45":{"start":{"line":146,"column":28},"end":{"line":146,"column":38}},"46":{"start":{"line":148,"column":8},"end":{"line":152,"column":10}},"47":{"start":{"line":156,"column":2},"end":{"line":252,"column":4}},"48":{"start":{"line":174,"column":38},"end":{"line":174,"column":49}},"49":{"start":{"line":176,"column":14},"end":{"line":183,"column":34}},"50":{"start":{"line":177,"column":31},"end":{"line":177,"column":64}},"51":{"start":{"line":215,"column":16},"end":{"line":223,"column":23}},"52":{"start":{"line":220,"column":33},"end":{"line":220,"column":55}},"53":{"start":{"line":233,"column":16},"end":{"line":241,"column":23}},"54":{"start":{"line":238,"column":33},"end":{"line":238,"column":55}}},"fnMap":{"0":{"name":"(anonymous_0)","decl":{"start":{"line":51,"column":36},"end":{"line":51,"column":37}},"loc":{"start":{"line":51,"column":42},"end":{"line":253,"column":1}},"line":51},"1":{"name":"(anonymous_1)","decl":{"start":{"line":65,"column":12},"end":{"line":65,"column":13}},"loc":{"start":{"line":65,"column":18},"end":{"line":69,"column":3}},"line":65},"2":{"name":"(anonymous_2)","decl":{"start":{"line":66,"column":30},"end":{"line":66,"column":31}},"loc":{"start":{"line":66,"column":42},"end":{"line":68,"column":5}},"line":66},"3":{"name":"(anonymous_3)","decl":{"start":{"line":71,"column":12},"end":{"line":71,"column":13}},"loc":{"start":{"line":71,"column":18},"end":{"line":83,"column":3}},"line":71},"4":{"name":"(anonymous_4)","decl":{"start":{"line":80,"column":12},"end":{"line":80,"column":13}},"loc":{"start":{"line":80,"column":24},"end":{"line":82,"column":7}},"line":80},"5":{"name":"(anonymous_5)","decl":{"start":{"line":85,"column":35},"end":{"line":85,"column":36}},"loc":{"start":{"line":85,"column":41},"end":{"line":87,"column":3}},"line":85},"6":{"name":"(anonymous_6)","decl":{"start":{"line":89,"column":43},"end":{"line":89,"column":44}},"loc":{"start":{"line":89,"column":67},"end":{"line":91,"column":3}},"line":89},"7":{"name":"(anonymous_7)","decl":{"start":{"line":93,"column":45},"end":{"line":93,"column":46}},"loc":{"start":{"line":93,"column":51},"end":{"line":95,"column":3}},"line":93},"8":{"name":"(anonymous_8)","decl":{"start":{"line":94,"column":22},"end":{"line":94,"column":23}},"loc":{"start":{"line":94,"column":31},"end":{"line":94,"column":37}},"line":94},"9":{"name":"(anonymous_9)","decl":{"start":{"line":97,"column":40},"end":{"line":97,"column":41}},"loc":{"start":{"line":97,"column":80},"end":{"line":105,"column":3}},"line":97},"10":{"name":"(anonymous_10)","decl":{"start":{"line":107,"column":39},"end":{"line":107,"column":40}},"loc":{"start":{"line":107,"column":57},"end":{"line":109,"column":3}},"line":107},"11":{"name":"(anonymous_11)","decl":{"start":{"line":111,"column":46},"end":{"line":111,"column":47}},"loc":{"start":{"line":111,"column":58},"end":{"line":130,"column":3}},"line":111},"12":{"name":"(anonymous_12)","decl":{"start":{"line":132,"column":38},"end":{"line":132,"column":39}},"loc":{"start":{"line":132,"column":44},"end":{"line":142,"column":3}},"line":132},"13":{"name":"(anonymous_13)","decl":{"start":{"line":134,"column":14},"end":{"line":134,"column":15}},"loc":{"start":{"line":134,"column":28},"end":{"line":134,"column":37}},"line":134},"14":{"name":"(anonymous_14)","decl":{"start":{"line":135,"column":11},"end":{"line":135,"column":12}},"loc":{"start":{"line":135,"column":36},"end":{"line":141,"column":7}},"line":135},"15":{"name":"(anonymous_15)","decl":{"start":{"line":144,"column":40},"end":{"line":144,"column":41}},"loc":{"start":{"line":144,"column":46},"end":{"line":154,"column":3}},"line":144},"16":{"name":"(anonymous_16)","decl":{"start":{"line":146,"column":14},"end":{"line":146,"column":15}},"loc":{"start":{"line":146,"column":28},"end":{"line":146,"column":38}},"line":146},"17":{"name":"(anonymous_17)","decl":{"start":{"line":147,"column":11},"end":{"line":147,"column":12}},"loc":{"start":{"line":147,"column":36},"end":{"line":153,"column":7}},"line":147},"18":{"name":"(anonymous_18)","decl":{"start":{"line":174,"column":26},"end":{"line":174,"column":27}},"loc":{"start":{"line":174,"column":38},"end":{"line":174,"column":49}},"line":174},"19":{"name":"(anonymous_19)","decl":{"start":{"line":175,"column":24},"end":{"line":175,"column":25}},"loc":{"start":{"line":176,"column":14},"end":{"line":183,"column":34}},"line":176},"20":{"name":"(anonymous_20)","decl":{"start":{"line":177,"column":25},"end":{"line":177,"column":26}},"loc":{"start":{"line":177,"column":31},"end":{"line":177,"column":64}},"line":177},"21":{"name":"(anonymous_21)","decl":{"start":{"line":214,"column":39},"end":{"line":214,"column":40}},"loc":{"start":{"line":215,"column":16},"end":{"line":223,"column":23}},"line":215},"22":{"name":"(anonymous_22)","decl":{"start":{"line":220,"column":27},"end":{"line":220,"column":28}},"loc":{"start":{"line":220,"column":33},"end":{"line":220,"column":55}},"line":220},"23":{"name":"(anonymous_23)","decl":{"start":{"line":232,"column":41},"end":{"line":232,"column":42}},"loc":{"start":{"line":233,"column":16},"end":{"line":241,"column":23}},"line":233},"24":{"name":"(anonymous_24)","decl":{"start":{"line":238,"column":27},"end":{"line":238,"column":28}},"loc":{"start":{"line":238,"column":33},"end":{"line":238,"column":55}},"line":238}},"branchMap":{"0":{"loc":{"start":{"line":98,"column":4},"end":{"line":100,"column":5}},"type":"if","locations":[{"start":{"line":98,"column":4},"end":{"line":100,"column":5}},{"start":{"line":98,"column":4},"end":{"line":100,"column":5}}],"line":98},"1":{"loc":{"start":{"line":102,"column":4},"end":{"line":104,"column":5}},"type":"if","locations":[{"start":{"line":102,"column":4},"end":{"line":104,"column":5}},{"start":{"line":102,"column":4},"end":{"line":104,"column":5}}],"line":102},"2":{"loc":{"start":{"line":165,"column":28},"end":{"line":165,"column":77}},"type":"cond-expr","locations":[{"start":{"line":165,"column":46},"end":{"line":165,"column":70}},{"start":{"line":165,"column":73},"end":{"line":165,"column":77}}],"line":165},"3":{"loc":{"start":{"line":180,"column":17},"end":{"line":180,"column":96}},"type":"binary-expr","locations":[{"start":{"line":180,"column":17},"end":{"line":180,"column":36}},{"start":{"line":180,"column":40},"end":{"line":180,"column":96}}],"line":180},"4":{"loc":{"start":{"line":195,"column":11},"end":{"line":204,"column":11}},"type":"binary-expr","locations":[{"start":{"line":195,"column":11},"end":{"line":195,"column":25}},{"start":{"line":196,"column":12},"end":{"line":203,"column":14}}],"line":195}},"s":{"0":0,"1":0,"2":0,"3":0,"4":0,"5":0,"6":0,"7":0,"8":0,"9":0,"10":0,"11":0,"12":0,"13":0,"14":0,"15":0,"16":0,"17":0,"18":0,"19":0,"20":0,"21":0,"22":0,"23":0,"24":0,"25":0,"26":0,"27":0,"28":0,"29":0,"30":0,"31":0,"32":0,"33":0,"34":0,"35":0,"36":0,"37":0,"38":0,"39":0,"40":0,"41":0,"42":0,"43":0,"44":0,"45":0,"46":0,"47":0,"48":0,"49":0,"50":0,"51":0,"52":0,"53":0,"54":0},"f":{"0":0,"1":0,"2":0,"3":0,"4":0,"5":0,"6":0,"7":0,"8":0,"9":0,"10":0,"11":0,"12":0,"13":0,"14":0,"15":0,"16":0,"17":0,"18":0,"19":0,"20":0,"21":0,"22":0,"23":0,"24":0},"b":{"0":[0,0],"1":[0,0],"2":[0,0],"3":[0,0],"4":[0,0]},"hash":"1987037e7dcac4e840f63ee971b33fd134f369a8"}
,"/Users/gabrielagrelli/development/rocketseat/bootcamp-11/react-native/appgobarber/src/pages/Dashboard/index.tsx": {"path":"/Users/gabrielagrelli/development/rocketseat/bootcamp-11/react-native/appgobarber/src/pages/Dashboard/index.tsx","statementMap":{"0":{"start":{"line":30,"column":28},"end":{"line":95,"column":1}},"1":{"start":{"line":31,"column":36},"end":{"line":31,"column":60}},"2":{"start":{"line":32,"column":28},"end":{"line":32,"column":37}},"3":{"start":{"line":33,"column":23},"end":{"line":33,"column":38}},"4":{"start":{"line":35,"column":2},"end":{"line":39,"column":9}},"5":{"start":{"line":36,"column":4},"end":{"line":38,"column":7}},"6":{"start":{"line":37,"column":6},"end":{"line":37,"column":34}},"7":{"start":{"line":41,"column":28},"end":{"line":43,"column":16}},"8":{"start":{"line":42,"column":4},"end":{"line":42,"column":24}},"9":{"start":{"line":45,"column":39},"end":{"line":50,"column":3}},"10":{"start":{"line":47,"column":6},"end":{"line":47,"column":52}},"11":{"start":{"line":52,"column":2},"end":{"line":94,"column":4}},"12":{"start":{"line":68,"column":34},"end":{"line":68,"column":45}},"13":{"start":{"line":71,"column":10},"end":{"line":90,"column":30}},"14":{"start":{"line":73,"column":14},"end":{"line":73,"column":56}}},"fnMap":{"0":{"name":"(anonymous_0)","decl":{"start":{"line":30,"column":28},"end":{"line":30,"column":29}},"loc":{"start":{"line":30,"column":34},"end":{"line":95,"column":1}},"line":30},"1":{"name":"(anonymous_1)","decl":{"start":{"line":35,"column":12},"end":{"line":35,"column":13}},"loc":{"start":{"line":35,"column":18},"end":{"line":39,"column":3}},"line":35},"2":{"name":"(anonymous_2)","decl":{"start":{"line":36,"column":30},"end":{"line":36,"column":31}},"loc":{"start":{"line":36,"column":42},"end":{"line":38,"column":5}},"line":36},"3":{"name":"(anonymous_3)","decl":{"start":{"line":41,"column":40},"end":{"line":41,"column":41}},"loc":{"start":{"line":41,"column":46},"end":{"line":43,"column":3}},"line":41},"4":{"name":"(anonymous_4)","decl":{"start":{"line":46,"column":4},"end":{"line":46,"column":5}},"loc":{"start":{"line":46,"column":28},"end":{"line":48,"column":5}},"line":46},"5":{"name":"(anonymous_5)","decl":{"start":{"line":68,"column":22},"end":{"line":68,"column":23}},"loc":{"start":{"line":68,"column":34},"end":{"line":68,"column":45}},"line":68},"6":{"name":"(anonymous_6)","decl":{"start":{"line":70,"column":20},"end":{"line":70,"column":21}},"loc":{"start":{"line":71,"column":10},"end":{"line":90,"column":30}},"line":71},"7":{"name":"(anonymous_7)","decl":{"start":{"line":72,"column":21},"end":{"line":72,"column":22}},"loc":{"start":{"line":72,"column":27},"end":{"line":74,"column":13}},"line":72}},"branchMap":{"0":{"loc":{"start":{"line":76,"column":36},"end":{"line":76,"column":93}},"type":"cond-expr","locations":[{"start":{"line":76,"column":58},"end":{"line":76,"column":86}},{"start":{"line":76,"column":89},"end":{"line":76,"column":93}}],"line":76}},"s":{"0":0,"1":0,"2":0,"3":0,"4":0,"5":0,"6":0,"7":0,"8":0,"9":0,"10":0,"11":0,"12":0,"13":0,"14":0},"f":{"0":0,"1":0,"2":0,"3":0,"4":0,"5":0,"6":0,"7":0},"b":{"0":[0,0]},"hash":"67d1b4c6270dd01b2f94805017ca60701c5e16f7"}
,"/Users/gabrielagrelli/development/rocketseat/bootcamp-11/react-native/appgobarber/src/pages/Profile/index.tsx": {"path":"/Users/gabrielagrelli/development/rocketseat/bootcamp-11/react-native/appgobarber/src/pages/Profile/index.tsx","statementMap":{"0":{"start":{"line":26,"column":26},"end":{"line":232,"column":1}},"1":{"start":{"line":27,"column":31},"end":{"line":27,"column":40}},"2":{"start":{"line":28,"column":18},"end":{"line":28,"column":43}},"3":{"start":{"line":29,"column":24},"end":{"line":29,"column":47}},"4":{"start":{"line":30,"column":30},"end":{"line":30,"column":53}},"5":{"start":{"line":31,"column":27},"end":{"line":31,"column":50}},"6":{"start":{"line":32,"column":34},"end":{"line":32,"column":57}},"7":{"start":{"line":34,"column":21},"end":{"line":34,"column":36}},"8":{"start":{"line":36,"column":23},"end":{"line":95,"column":3}},"9":{"start":{"line":38,"column":6},"end":{"line":92,"column":7}},"10":{"start":{"line":39,"column":8},"end":{"line":39,"column":39}},"11":{"start":{"line":41,"column":23},"end":{"line":57,"column":10}},"12":{"start":{"line":46,"column":23},"end":{"line":46,"column":35}},"13":{"start":{"line":52,"column":25},"end":{"line":52,"column":37}},"14":{"start":{"line":59,"column":8},"end":{"line":61,"column":11}},"15":{"start":{"line":63,"column":79},"end":{"line":63,"column":83}},"16":{"start":{"line":65,"column":25},"end":{"line":75,"column":9}},"17":{"start":{"line":77,"column":25},"end":{"line":77,"column":59}},"18":{"start":{"line":79,"column":8},"end":{"line":79,"column":34}},"19":{"start":{"line":81,"column":8},"end":{"line":81,"column":54}},"20":{"start":{"line":83,"column":8},"end":{"line":83,"column":17}},"21":{"start":{"line":85,"column":8},"end":{"line":89,"column":9}},"22":{"start":{"line":86,"column":25},"end":{"line":86,"column":51}},"23":{"start":{"line":88,"column":10},"end":{"line":88,"column":45}},"24":{"start":{"line":91,"column":8},"end":{"line":91,"column":113}},"25":{"start":{"line":97,"column":29},"end":{"line":128,"column":27}},"26":{"start":{"line":98,"column":4},"end":{"line":127,"column":6}},"27":{"start":{"line":106,"column":8},"end":{"line":108,"column":9}},"28":{"start":{"line":107,"column":10},"end":{"line":107,"column":17}},"29":{"start":{"line":110,"column":8},"end":{"line":113,"column":9}},"30":{"start":{"line":111,"column":10},"end":{"line":111,"column":54}},"31":{"start":{"line":112,"column":10},"end":{"line":112,"column":17}},"32":{"start":{"line":115,"column":21},"end":{"line":115,"column":35}},"33":{"start":{"line":117,"column":8},"end":{"line":121,"column":11}},"34":{"start":{"line":123,"column":8},"end":{"line":125,"column":11}},"35":{"start":{"line":124,"column":10},"end":{"line":124,"column":39}},"36":{"start":{"line":130,"column":23},"end":{"line":132,"column":14}},"37":{"start":{"line":131,"column":4},"end":{"line":131,"column":13}},"38":{"start":{"line":134,"column":2},"end":{"line":231,"column":4}},"39":{"start":{"line":160,"column":18},"end":{"line":160,"column":49}},"40":{"start":{"line":175,"column":18},"end":{"line":175,"column":55}},"41":{"start":{"line":189,"column":18},"end":{"line":189,"column":52}},"42":{"start":{"line":202,"column":18},"end":{"line":202,"column":59}},"43":{"start":{"line":215,"column":18},"end":{"line":215,"column":48}},"44":{"start":{"line":221,"column":18},"end":{"line":221,"column":48}}},"fnMap":{"0":{"name":"(anonymous_0)","decl":{"start":{"line":26,"column":26},"end":{"line":26,"column":27}},"loc":{"start":{"line":26,"column":32},"end":{"line":232,"column":1}},"line":26},"1":{"name":"(anonymous_1)","decl":{"start":{"line":37,"column":4},"end":{"line":37,"column":5}},"loc":{"start":{"line":37,"column":37},"end":{"line":93,"column":5}},"line":37},"2":{"name":"(anonymous_2)","decl":{"start":{"line":46,"column":16},"end":{"line":46,"column":17}},"loc":{"start":{"line":46,"column":23},"end":{"line":46,"column":35}},"line":46},"3":{"name":"(anonymous_3)","decl":{"start":{"line":52,"column":18},"end":{"line":52,"column":19}},"loc":{"start":{"line":52,"column":25},"end":{"line":52,"column":37}},"line":52},"4":{"name":"(anonymous_4)","decl":{"start":{"line":97,"column":41},"end":{"line":97,"column":42}},"loc":{"start":{"line":97,"column":47},"end":{"line":128,"column":3}},"line":97},"5":{"name":"(anonymous_5)","decl":{"start":{"line":105,"column":6},"end":{"line":105,"column":7}},"loc":{"start":{"line":105,"column":18},"end":{"line":126,"column":7}},"line":105},"6":{"name":"(anonymous_6)","decl":{"start":{"line":123,"column":45},"end":{"line":123,"column":46}},"loc":{"start":{"line":123,"column":60},"end":{"line":125,"column":9}},"line":123},"7":{"name":"(anonymous_7)","decl":{"start":{"line":130,"column":35},"end":{"line":130,"column":36}},"loc":{"start":{"line":130,"column":41},"end":{"line":132,"column":3}},"line":130},"8":{"name":"(anonymous_8)","decl":{"start":{"line":159,"column":33},"end":{"line":159,"column":34}},"loc":{"start":{"line":159,"column":39},"end":{"line":161,"column":17}},"line":159},"9":{"name":"(anonymous_9)","decl":{"start":{"line":174,"column":33},"end":{"line":174,"column":34}},"loc":{"start":{"line":174,"column":39},"end":{"line":176,"column":17}},"line":174},"10":{"name":"(anonymous_10)","decl":{"start":{"line":188,"column":33},"end":{"line":188,"column":34}},"loc":{"start":{"line":188,"column":39},"end":{"line":190,"column":17}},"line":188},"11":{"name":"(anonymous_11)","decl":{"start":{"line":201,"column":33},"end":{"line":201,"column":34}},"loc":{"start":{"line":201,"column":39},"end":{"line":203,"column":17}},"line":201},"12":{"name":"(anonymous_12)","decl":{"start":{"line":214,"column":33},"end":{"line":214,"column":34}},"loc":{"start":{"line":214,"column":39},"end":{"line":216,"column":17}},"line":214},"13":{"name":"(anonymous_13)","decl":{"start":{"line":220,"column":25},"end":{"line":220,"column":26}},"loc":{"start":{"line":220,"column":31},"end":{"line":222,"column":17}},"line":220}},"branchMap":{"0":{"loc":{"start":{"line":68,"column":14},"end":{"line":74,"column":16}},"type":"cond-expr","locations":[{"start":{"line":69,"column":14},"end":{"line":73,"column":15}},{"start":{"line":74,"column":14},"end":{"line":74,"column":16}}],"line":68},"1":{"loc":{"start":{"line":85,"column":8},"end":{"line":89,"column":9}},"type":"if","locations":[{"start":{"line":85,"column":8},"end":{"line":89,"column":9}},{"start":{"line":85,"column":8},"end":{"line":89,"column":9}}],"line":85},"2":{"loc":{"start":{"line":106,"column":8},"end":{"line":108,"column":9}},"type":"if","locations":[{"start":{"line":106,"column":8},"end":{"line":108,"column":9}},{"start":{"line":106,"column":8},"end":{"line":108,"column":9}}],"line":106},"3":{"loc":{"start":{"line":110,"column":8},"end":{"line":113,"column":9}},"type":"if","locations":[{"start":{"line":110,"column":8},"end":{"line":113,"column":9}},{"start":{"line":110,"column":8},"end":{"line":113,"column":9}}],"line":110},"4":{"loc":{"start":{"line":136,"column":58},"end":{"line":136,"column":103}},"type":"cond-expr","locations":[{"start":{"line":136,"column":82},"end":{"line":136,"column":91}},{"start":{"line":136,"column":94},"end":{"line":136,"column":103}}],"line":136}},"s":{"0":0,"1":0,"2":0,"3":0,"4":0,"5":0,"6":0,"7":0,"8":0,"9":0,"10":0,"11":0,"12":0,"13":0,"14":0,"15":0,"16":0,"17":0,"18":0,"19":0,"20":0,"21":0,"22":0,"23":0,"24":0,"25":0,"26":0,"27":0,"28":0,"29":0,"30":0,"31":0,"32":0,"33":0,"34":0,"35":0,"36":0,"37":0,"38":0,"39":0,"40":0,"41":0,"42":0,"43":0,"44":0},"f":{"0":0,"1":0,"2":0,"3":0,"4":0,"5":0,"6":0,"7":0,"8":0,"9":0,"10":0,"11":0,"12":0,"13":0},"b":{"0":[0,0],"1":[0,0],"2":[0,0],"3":[0,0],"4":[0,0]},"hash":"1febe866fc918b3770545dc1344c1ab345345b84"}
,"/Users/gabrielagrelli/development/rocketseat/bootcamp-11/react-native/appgobarber/src/pages/SignIn/index.tsx": {"path":"/Users/gabrielagrelli/development/rocketseat/bootcamp-11/react-native/appgobarber/src/pages/SignIn/index.tsx","statementMap":{"0":{"start":{"line":30,"column":25},"end":{"line":132,"column":1}},"1":{"start":{"line":31,"column":18},"end":{"line":31,"column":43}},"2":{"start":{"line":32,"column":27},"end":{"line":32,"column":50}},"3":{"start":{"line":33,"column":21},"end":{"line":33,"column":36}},"4":{"start":{"line":34,"column":21},"end":{"line":34,"column":30}},"5":{"start":{"line":36,"column":23},"end":{"line":65,"column":3}},"6":{"start":{"line":38,"column":6},"end":{"line":62,"column":7}},"7":{"start":{"line":39,"column":8},"end":{"line":39,"column":39}},"8":{"start":{"line":41,"column":23},"end":{"line":44,"column":10}},"9":{"start":{"line":46,"column":8},"end":{"line":48,"column":11}},"10":{"start":{"line":50,"column":8},"end":{"line":53,"column":11}},"11":{"start":{"line":55,"column":8},"end":{"line":59,"column":9}},"12":{"start":{"line":56,"column":25},"end":{"line":56,"column":51}},"13":{"start":{"line":58,"column":10},"end":{"line":58,"column":45}},"14":{"start":{"line":61,"column":8},"end":{"line":61,"column":101}},"15":{"start":{"line":67,"column":2},"end":{"line":131,"column":4}},"16":{"start":{"line":90,"column":18},"end":{"line":90,"column":52}},"17":{"start":{"line":102,"column":18},"end":{"line":102,"column":48}},"18":{"start":{"line":108,"column":18},"end":{"line":108,"column":48}},"19":{"start":{"line":124,"column":10},"end":{"line":124,"column":40}}},"fnMap":{"0":{"name":"(anonymous_0)","decl":{"start":{"line":30,"column":25},"end":{"line":30,"column":26}},"loc":{"start":{"line":30,"column":31},"end":{"line":132,"column":1}},"line":30},"1":{"name":"(anonymous_1)","decl":{"start":{"line":37,"column":4},"end":{"line":37,"column":5}},"loc":{"start":{"line":37,"column":36},"end":{"line":63,"column":5}},"line":37},"2":{"name":"(anonymous_2)","decl":{"start":{"line":89,"column":33},"end":{"line":89,"column":34}},"loc":{"start":{"line":89,"column":39},"end":{"line":91,"column":17}},"line":89},"3":{"name":"(anonymous_3)","decl":{"start":{"line":101,"column":33},"end":{"line":101,"column":34}},"loc":{"start":{"line":101,"column":39},"end":{"line":103,"column":17}},"line":101},"4":{"name":"(anonymous_4)","decl":{"start":{"line":107,"column":25},"end":{"line":107,"column":26}},"loc":{"start":{"line":107,"column":31},"end":{"line":109,"column":17}},"line":107},"5":{"name":"(anonymous_5)","decl":{"start":{"line":115,"column":37},"end":{"line":115,"column":38}},"loc":{"start":{"line":115,"column":43},"end":{"line":115,"column":45}},"line":115},"6":{"name":"(anonymous_6)","decl":{"start":{"line":123,"column":17},"end":{"line":123,"column":18}},"loc":{"start":{"line":123,"column":23},"end":{"line":125,"column":9}},"line":123}},"branchMap":{"0":{"loc":{"start":{"line":55,"column":8},"end":{"line":59,"column":9}},"type":"if","locations":[{"start":{"line":55,"column":8},"end":{"line":59,"column":9}},{"start":{"line":55,"column":8},"end":{"line":59,"column":9}}],"line":55},"1":{"loc":{"start":{"line":69,"column":58},"end":{"line":69,"column":103}},"type":"cond-expr","locations":[{"start":{"line":69,"column":82},"end":{"line":69,"column":91}},{"start":{"line":69,"column":94},"end":{"line":69,"column":103}}],"line":69}},"s":{"0":1,"1":1,"2":1,"3":1,"4":1,"5":1,"6":0,"7":0,"8":0,"9":0,"10":0,"11":0,"12":0,"13":0,"14":0,"15":1,"16":0,"17":0,"18":0,"19":0},"f":{"0":1,"1":0,"2":0,"3":0,"4":0,"5":0,"6":0},"b":{"0":[0,0],"1":[1,0]},"_coverageSchema":"43e27e138ebf9cfc5966b082cf9a028302ed4184","hash":"9515abcd799e64f870d23958af6f03a736b88c62"}
,"/Users/gabrielagrelli/development/rocketseat/bootcamp-11/react-native/appgobarber/src/pages/SignUp/index.tsx": {"path":"/Users/gabrielagrelli/development/rocketseat/bootcamp-11/react-native/appgobarber/src/pages/SignUp/index.tsx","statementMap":{"0":{"start":{"line":24,"column":25},"end":{"line":138,"column":1}},"1":{"start":{"line":25,"column":18},"end":{"line":25,"column":43}},"2":{"start":{"line":26,"column":24},"end":{"line":26,"column":47}},"3":{"start":{"line":27,"column":27},"end":{"line":27,"column":50}},"4":{"start":{"line":29,"column":21},"end":{"line":29,"column":36}},"5":{"start":{"line":31,"column":23},"end":{"line":62,"column":3}},"6":{"start":{"line":33,"column":6},"end":{"line":59,"column":7}},"7":{"start":{"line":34,"column":8},"end":{"line":34,"column":39}},"8":{"start":{"line":36,"column":23},"end":{"line":40,"column":10}},"9":{"start":{"line":42,"column":8},"end":{"line":44,"column":11}},"10":{"start":{"line":46,"column":8},"end":{"line":46,"column":38}},"11":{"start":{"line":48,"column":8},"end":{"line":48,"column":66}},"12":{"start":{"line":50,"column":8},"end":{"line":50,"column":28}},"13":{"start":{"line":52,"column":8},"end":{"line":56,"column":9}},"14":{"start":{"line":53,"column":25},"end":{"line":53,"column":51}},"15":{"start":{"line":55,"column":10},"end":{"line":55,"column":45}},"16":{"start":{"line":58,"column":8},"end":{"line":58,"column":77}},"17":{"start":{"line":64,"column":2},"end":{"line":137,"column":4}},"18":{"start":{"line":84,"column":18},"end":{"line":84,"column":49}},"19":{"start":{"line":99,"column":18},"end":{"line":99,"column":52}},"20":{"start":{"line":112,"column":18},"end":{"line":112,"column":48}},"21":{"start":{"line":118,"column":18},"end":{"line":118,"column":48}},"22":{"start":{"line":130,"column":10},"end":{"line":130,"column":30}}},"fnMap":{"0":{"name":"(anonymous_0)","decl":{"start":{"line":24,"column":25},"end":{"line":24,"column":26}},"loc":{"start":{"line":24,"column":31},"end":{"line":138,"column":1}},"line":24},"1":{"name":"(anonymous_1)","decl":{"start":{"line":32,"column":4},"end":{"line":32,"column":5}},"loc":{"start":{"line":32,"column":36},"end":{"line":60,"column":5}},"line":32},"2":{"name":"(anonymous_2)","decl":{"start":{"line":83,"column":33},"end":{"line":83,"column":34}},"loc":{"start":{"line":83,"column":39},"end":{"line":85,"column":17}},"line":83},"3":{"name":"(anonymous_3)","decl":{"start":{"line":98,"column":33},"end":{"line":98,"column":34}},"loc":{"start":{"line":98,"column":39},"end":{"line":100,"column":17}},"line":98},"4":{"name":"(anonymous_4)","decl":{"start":{"line":111,"column":33},"end":{"line":111,"column":34}},"loc":{"start":{"line":111,"column":39},"end":{"line":113,"column":17}},"line":111},"5":{"name":"(anonymous_5)","decl":{"start":{"line":117,"column":25},"end":{"line":117,"column":26}},"loc":{"start":{"line":117,"column":31},"end":{"line":119,"column":17}},"line":117},"6":{"name":"(anonymous_6)","decl":{"start":{"line":129,"column":17},"end":{"line":129,"column":18}},"loc":{"start":{"line":129,"column":23},"end":{"line":131,"column":9}},"line":129}},"branchMap":{"0":{"loc":{"start":{"line":52,"column":8},"end":{"line":56,"column":9}},"type":"if","locations":[{"start":{"line":52,"column":8},"end":{"line":56,"column":9}},{"start":{"line":52,"column":8},"end":{"line":56,"column":9}}],"line":52},"1":{"loc":{"start":{"line":66,"column":58},"end":{"line":66,"column":103}},"type":"cond-expr","locations":[{"start":{"line":66,"column":82},"end":{"line":66,"column":91}},{"start":{"line":66,"column":94},"end":{"line":66,"column":103}}],"line":66}},"s":{"0":0,"1":0,"2":0,"3":0,"4":0,"5":0,"6":0,"7":0,"8":0,"9":0,"10":0,"11":0,"12":0,"13":0,"14":0,"15":0,"16":0,"17":0,"18":0,"19":0,"20":0,"21":0,"22":0},"f":{"0":0,"1":0,"2":0,"3":0,"4":0,"5":0,"6":0},"b":{"0":[0,0],"1":[0,0]},"hash":"0f2812f2456ebae1f2f1f25801e1d43097ae4ba6"}
}
