TN:
SF:/Users/gabrielagrelli/development/rocketseat/bootcamp-11/react-native/appgobarber/src/components/Button/index.tsx
FN:10,(anonymous_0)
FNF:1
FNH:1
FNDA:1,(anonymous_0)
DA:10,1
DA:11,1
LF:2
LH:2
BRF:0
BRH:0
end_of_record
TN:
SF:/Users/gabrielagrelli/development/rocketseat/bootcamp-11/react-native/appgobarber/src/components/Input/index.tsx
FN:21,(anonymous_0)
FN:33,(anonymous_1)
FN:37,(anonymous_2)
FN:43,(anonymous_3)
FN:44,(anonymous_4)
FN:49,(anonymous_5)
FN:54,(anonymous_6)
FN:58,(anonymous_7)
FN:76,(anonymous_8)
FNF:9
FNH:3
FNDA:2,(anonymous_0)
FNDA:0,(anonymous_1)
FNDA:0,(anonymous_2)
FNDA:1,(anonymous_3)
FNDA:0,(anonymous_4)
FNDA:2,(anonymous_5)
FNDA:0,(anonymous_6)
FNDA:0,(anonymous_7)
FNDA:0,(anonymous_8)
DA:21,1
DA:25,2
DA:27,2
DA:28,2
DA:30,2
DA:31,2
DA:33,2
DA:34,0
DA:37,2
DA:38,0
DA:40,0
DA:43,2
DA:45,0
DA:49,2
DA:50,2
DA:55,0
DA:56,0
DA:59,0
DA:60,0
DA:65,2
DA:77,0
LF:21
LH:12
BRDA:22,0,0,2
BRDA:27,1,0,2
BRDA:67,2,0,0
BRDA:67,2,1,2
BRDA:67,3,0,2
BRDA:67,3,1,2
BRF:6
BRH:5
end_of_record
TN:
SF:/Users/gabrielagrelli/development/rocketseat/bootcamp-11/react-native/appgobarber/src/hooks/auth.tsx
FN:32,(anonymous_0)
FN:36,(anonymous_1)
FN:37,loadStoragedData
FN:52,(anonymous_3)
FN:70,(anonymous_4)
FN:77,(anonymous_5)
FN:95,useAuth
FNF:7
FNH:1
FNDA:0,(anonymous_0)
FNDA:0,(anonymous_1)
FNDA:0,loadStoragedData
FNDA:0,(anonymous_3)
FNDA:0,(anonymous_4)
FNDA:0,(anonymous_5)
FNDA:1,useAuth
DA:30,1
DA:32,1
DA:33,0
DA:34,0
DA:36,0
DA:38,0
DA:40,0
DA:41,0
DA:43,0
DA:46,0
DA:49,0
DA:52,0
DA:53,0
DA:58,0
DA:60,0
DA:65,0
DA:67,0
DA:70,0
DA:71,0
DA:73,0
DA:76,0
DA:78,0
DA:80,0
DA:88,0
DA:96,1
DA:98,1
DA:99,0
DA:102,1
LF:28
LH:5
BRDA:40,0,0,0
BRDA:40,0,1,0
BRDA:40,1,0,0
BRDA:40,1,1,0
BRDA:98,2,0,0
BRDA:98,2,1,1
BRF:6
BRH:1
end_of_record
TN:
SF:/Users/gabrielagrelli/development/rocketseat/bootcamp-11/react-native/appgobarber/src/pages/AppointmentCreated/index.tsx
FN:13,(anonymous_0)
FN:19,(anonymous_1)
FN:26,(anonymous_2)
FNF:3
FNH:0
FNDA:0,(anonymous_0)
FNDA:0,(anonymous_1)
FNDA:0,(anonymous_2)
DA:13,0
DA:14,0
DA:15,0
DA:17,0
DA:19,0
DA:20,0
DA:26,0
DA:27,0
DA:30,0
LF:9
LH:0
BRF:0
BRH:0
end_of_record
TN:
SF:/Users/gabrielagrelli/development/rocketseat/bootcamp-11/react-native/appgobarber/src/pages/CreateAppointment/index.tsx
FN:51,(anonymous_0)
FN:65,(anonymous_1)
FN:66,(anonymous_2)
FN:71,(anonymous_3)
FN:80,(anonymous_4)
FN:85,(anonymous_5)
FN:89,(anonymous_6)
FN:93,(anonymous_7)
FN:94,(anonymous_8)
FN:97,(anonymous_9)
FN:107,(anonymous_10)
FN:111,(anonymous_11)
FN:132,(anonymous_12)
FN:134,(anonymous_13)
FN:135,(anonymous_14)
FN:144,(anonymous_15)
FN:146,(anonymous_16)
FN:147,(anonymous_17)
FN:174,(anonymous_18)
FN:175,(anonymous_19)
FN:177,(anonymous_20)
FN:214,(anonymous_21)
FN:220,(anonymous_22)
FN:232,(anonymous_23)
FN:238,(anonymous_24)
FNF:25
FNH:0
FNDA:0,(anonymous_0)
FNDA:0,(anonymous_1)
FNDA:0,(anonymous_2)
FNDA:0,(anonymous_3)
FNDA:0,(anonymous_4)
FNDA:0,(anonymous_5)
FNDA:0,(anonymous_6)
FNDA:0,(anonymous_7)
FNDA:0,(anonymous_8)
FNDA:0,(anonymous_9)
FNDA:0,(anonymous_10)
FNDA:0,(anonymous_11)
FNDA:0,(anonymous_12)
FNDA:0,(anonymous_13)
FNDA:0,(anonymous_14)
FNDA:0,(anonymous_15)
FNDA:0,(anonymous_16)
FNDA:0,(anonymous_17)
FNDA:0,(anonymous_18)
FNDA:0,(anonymous_19)
FNDA:0,(anonymous_20)
FNDA:0,(anonymous_21)
FNDA:0,(anonymous_22)
FNDA:0,(anonymous_23)
FNDA:0,(anonymous_24)
DA:51,0
DA:52,0
DA:53,0
DA:54,0
DA:56,0
DA:58,0
DA:59,0
DA:60,0
DA:61,0
DA:62,0
DA:63,0
DA:65,0
DA:66,0
DA:67,0
DA:71,0
DA:72,0
DA:81,0
DA:85,0
DA:86,0
DA:89,0
DA:90,0
DA:93,0
DA:94,0
DA:97,0
DA:98,0
DA:99,0
DA:102,0
DA:103,0
DA:107,0
DA:108,0
DA:111,0
DA:112,0
DA:113,0
DA:115,0
DA:116,0
DA:118,0
DA:123,0
DA:128,0
DA:132,0
DA:133,0
DA:134,0
DA:136,0
DA:144,0
DA:145,0
DA:146,0
DA:148,0
DA:156,0
DA:174,0
DA:176,0
DA:177,0
DA:215,0
DA:220,0
DA:233,0
DA:238,0
LF:54
LH:0
BRDA:98,0,0,0
BRDA:98,0,1,0
BRDA:102,1,0,0
BRDA:102,1,1,0
BRDA:165,2,0,0
BRDA:165,2,1,0
BRDA:180,3,0,0
BRDA:180,3,1,0
BRDA:195,4,0,0
BRDA:195,4,1,0
BRF:10
BRH:0
end_of_record
TN:
SF:/Users/gabrielagrelli/development/rocketseat/bootcamp-11/react-native/appgobarber/src/pages/Dashboard/index.tsx
FN:30,(anonymous_0)
FN:35,(anonymous_1)
FN:36,(anonymous_2)
FN:41,(anonymous_3)
FN:46,(anonymous_4)
FN:68,(anonymous_5)
FN:70,(anonymous_6)
FN:72,(anonymous_7)
FNF:8
FNH:0
FNDA:0,(anonymous_0)
FNDA:0,(anonymous_1)
FNDA:0,(anonymous_2)
FNDA:0,(anonymous_3)
FNDA:0,(anonymous_4)
FNDA:0,(anonymous_5)
FNDA:0,(anonymous_6)
FNDA:0,(anonymous_7)
DA:30,0
DA:31,0
DA:32,0
DA:33,0
DA:35,0
DA:36,0
DA:37,0
DA:41,0
DA:42,0
DA:45,0
DA:47,0
DA:52,0
DA:68,0
DA:71,0
DA:73,0
LF:15
LH:0
BRDA:76,0,0,0
BRDA:76,0,1,0
BRF:2
BRH:0
end_of_record
TN:
SF:/Users/gabrielagrelli/development/rocketseat/bootcamp-11/react-native/appgobarber/src/pages/Profile/index.tsx
FN:26,(anonymous_0)
FN:37,(anonymous_1)
FN:46,(anonymous_2)
FN:52,(anonymous_3)
FN:97,(anonymous_4)
FN:105,(anonymous_5)
FN:123,(anonymous_6)
FN:130,(anonymous_7)
FN:159,(anonymous_8)
FN:174,(anonymous_9)
FN:188,(anonymous_10)
FN:201,(anonymous_11)
FN:214,(anonymous_12)
FN:220,(anonymous_13)
FNF:14
FNH:0
FNDA:0,(anonymous_0)
FNDA:0,(anonymous_1)
FNDA:0,(anonymous_2)
FNDA:0,(anonymous_3)
FNDA:0,(anonymous_4)
FNDA:0,(anonymous_5)
FNDA:0,(anonymous_6)
FNDA:0,(anonymous_7)
FNDA:0,(anonymous_8)
FNDA:0,(anonymous_9)
FNDA:0,(anonymous_10)
FNDA:0,(anonymous_11)
FNDA:0,(anonymous_12)
FNDA:0,(anonymous_13)
DA:26,0
DA:27,0
DA:28,0
DA:29,0
DA:30,0
DA:31,0
DA:32,0
DA:34,0
DA:36,0
DA:38,0
DA:39,0
DA:41,0
DA:46,0
DA:52,0
DA:59,0
DA:63,0
DA:65,0
DA:77,0
DA:79,0
DA:81,0
DA:83,0
DA:85,0
DA:86,0
DA:88,0
DA:91,0
DA:97,0
DA:98,0
DA:106,0
DA:107,0
DA:110,0
DA:111,0
DA:112,0
DA:115,0
DA:117,0
DA:123,0
DA:124,0
DA:130,0
DA:131,0
DA:134,0
DA:160,0
DA:175,0
DA:189,0
DA:202,0
DA:215,0
DA:221,0
LF:45
LH:0
BRDA:68,0,0,0
BRDA:68,0,1,0
BRDA:85,1,0,0
BRDA:85,1,1,0
BRDA:106,2,0,0
BRDA:106,2,1,0
BRDA:110,3,0,0
BRDA:110,3,1,0
BRDA:136,4,0,0
BRDA:136,4,1,0
BRF:10
BRH:0
end_of_record
TN:
SF:/Users/gabrielagrelli/development/rocketseat/bootcamp-11/react-native/appgobarber/src/pages/SignIn/index.tsx
FN:30,(anonymous_0)
FN:37,(anonymous_1)
FN:89,(anonymous_2)
FN:101,(anonymous_3)
FN:107,(anonymous_4)
FN:115,(anonymous_5)
FN:123,(anonymous_6)
FNF:7
FNH:1
FNDA:1,(anonymous_0)
FNDA:0,(anonymous_1)
FNDA:0,(anonymous_2)
FNDA:0,(anonymous_3)
FNDA:0,(anonymous_4)
FNDA:0,(anonymous_5)
FNDA:0,(anonymous_6)
DA:30,1
DA:31,1
DA:32,1
DA:33,1
DA:34,1
DA:36,1
DA:38,0
DA:39,0
DA:41,0
DA:46,0
DA:50,0
DA:55,0
DA:56,0
DA:58,0
DA:61,0
DA:67,1
DA:90,0
DA:102,0
DA:108,0
DA:124,0
LF:20
LH:7
BRDA:55,0,0,0
BRDA:55,0,1,0
BRDA:69,1,0,1
BRDA:69,1,1,0
BRF:4
BRH:1
end_of_record
TN:
SF:/Users/gabrielagrelli/development/rocketseat/bootcamp-11/react-native/appgobarber/src/pages/SignUp/index.tsx
FN:24,(anonymous_0)
FN:32,(anonymous_1)
FN:83,(anonymous_2)
FN:98,(anonymous_3)
FN:111,(anonymous_4)
FN:117,(anonymous_5)
FN:129,(anonymous_6)
FNF:7
FNH:0
FNDA:0,(anonymous_0)
FNDA:0,(anonymous_1)
FNDA:0,(anonymous_2)
FNDA:0,(anonymous_3)
FNDA:0,(anonymous_4)
FNDA:0,(anonymous_5)
FNDA:0,(anonymous_6)
DA:24,0
DA:25,0
DA:26,0
DA:27,0
DA:29,0
DA:31,0
DA:33,0
DA:34,0
DA:36,0
DA:42,0
DA:46,0
DA:48,0
DA:50,0
DA:52,0
DA:53,0
DA:55,0
DA:58,0
DA:64,0
DA:84,0
DA:99,0
DA:112,0
DA:118,0
DA:130,0
LF:23
LH:0
BRDA:52,0,0,0
BRDA:52,0,1,0
BRDA:66,1,0,0
BRDA:66,1,1,0
BRF:4
BRH:0
end_of_record
